<?xml version="1.0" encoding="UTF-8"?>
<Site BuildName="(empty)"
	BuildStamp="20260218-1603-Experimental"
	Name="(empty)"
	Generator="ctest-4.2.3"
	CompilerName=""
	CompilerVersion=""
	OSName="macOS"
	Hostname="Samarths-MacBook-Air.local"
	OSRelease="26.2"
	OSVersion="25C56"
	OSPlatform="arm64"
	Is64Bits="1"
	VendorString="Apple"
	VendorID="Apple"
	FamilyID="0"
	ModelID="0"
	ModelName="Apple M4"
	ProcessorCacheSize="131072"
	NumberOfLogicalCPU="10"
	NumberOfPhysicalCPU="10"
	TotalVirtualMemory="0"
	TotalPhysicalMemory="16384"
	LogicalProcessorsPerPhysical="10"
	ProcessorClockFrequency="0"
	>
	<Testing>
		<StartDateTime>Feb 18 21:33 IST</StartDateTime>
		<StartTestTime>1771430615</StartTestTime>
		<TestList/>
		<EndDateTime>Feb 18 21:33 IST</EndDateTime>
		<EndTestTime>1771430615</EndTestTime>
		<ElapsedMinutes>0</ElapsedMinutes>
	</Testing>
</Site>
